{"C:\\Users\\carso\\OneDrive\\Documents\\repos\\ITM-350-Carson-Test\\backend\\api.js": {"path":"C:\\Users\\carso\\OneDrive\\Documents\\repos\\ITM-350-Carson-Test\\backend\\api.js","statementMap":{"0":{"start":{"line":1,"column":13},"end":{"line":1,"column":35}},"1":{"start":{"line":3,"column":0},"end":{"line":5,"column":2}},"2":{"start":{"line":4,"column":2},"end":{"line":4,"column":19}},"3":{"start":{"line":7,"column":0},"end":{"line":9,"column":2}},"4":{"start":{"line":8,"column":2},"end":{"line":8,"column":38}}},"fnMap":{"0":{"name":"(anonymous_0)","decl":{"start":{"line":3,"column":17},"end":{"line":3,"column":18}},"loc":{"start":{"line":3,"column":37},"end":{"line":5,"column":1}},"line":3},"1":{"name":"(anonymous_1)","decl":{"start":{"line":7,"column":16},"end":{"line":7,"column":17}},"loc":{"start":{"line":7,"column":36},"end":{"line":9,"column":1}},"line":7}},"branchMap":{},"s":{"0":0,"1":0,"2":0,"3":0,"4":0},"f":{"0":0,"1":0},"b":{}}
,"C:\\Users\\carso\\OneDrive\\Documents\\repos\\ITM-350-Carson-Test\\backend\\events.js": {"path":"C:\\Users\\carso\\OneDrive\\Documents\\repos\\ITM-350-Carson-Test\\backend\\events.js","statementMap":{"0":{"start":{"line":1,"column":0},"end":{"line":19,"column":4}}},"fnMap":{},"branchMap":{},"s":{"0":0},"f":{},"b":{}}
,"C:\\Users\\carso\\OneDrive\\Documents\\repos\\ITM-350-Carson-Test\\backend\\index.js": {"path":"C:\\Users\\carso\\OneDrive\\Documents\\repos\\ITM-350-Carson-Test\\backend\\index.js","statementMap":{"0":{"start":{"line":1,"column":0},"end":{"line":3,"column":1}},"1":{"start":{"line":2,"column":2},"end":{"line":2,"column":22}}},"fnMap":{"0":{"name":"(anonymous_0)","decl":{"start":{"line":1,"column":16},"end":{"line":1,"column":17}},"loc":{"start":{"line":1,"column":36},"end":{"line":3,"column":1}},"line":1}},"branchMap":{},"s":{"0":0,"1":0},"f":{"0":0},"b":{}}
,"C:\\Users\\carso\\OneDrive\\Documents\\repos\\ITM-350-Carson-Test\\src\\1passfail.js": {"path":"C:\\Users\\carso\\OneDrive\\Documents\\repos\\ITM-350-Carson-Test\\src\\1passfail.js","statementMap":{"0":{"start":{"line":2,"column":4},"end":{"line":2,"column":17}},"1":{"start":{"line":4,"column":2},"end":{"line":4,"column":23}}},"fnMap":{"0":{"name":"add","decl":{"start":{"line":1,"column":9},"end":{"line":1,"column":12}},"loc":{"start":{"line":1,"column":19},"end":{"line":3,"column":3}},"line":1}},"branchMap":{},"s":{"0":1,"1":1},"f":{"0":1},"b":{},"_coverageSchema":"1a1c01bbd47fc00a2c39e90264f33305004495a9","hash":"8c21f274c2e231dad7d445811b388545f9a297ca"}
,"C:\\Users\\carso\\OneDrive\\Documents\\repos\\ITM-350-Carson-Test\\src\\2collection.js": {"path":"C:\\Users\\carso\\OneDrive\\Documents\\repos\\ITM-350-Carson-Test\\src\\2collection.js","statementMap":{"0":{"start":{"line":2,"column":4},"end":{"line":2,"column":22}},"1":{"start":{"line":5,"column":2},"end":{"line":5,"column":32}}},"fnMap":{"0":{"name":"getArrLength","decl":{"start":{"line":1,"column":9},"end":{"line":1,"column":21}},"loc":{"start":{"line":1,"column":27},"end":{"line":3,"column":3}},"line":1}},"branchMap":{},"s":{"0":1,"1":1},"f":{"0":1},"b":{},"_coverageSchema":"1a1c01bbd47fc00a2c39e90264f33305004495a9","hash":"3b0d72b3b72af561c8c9a1ca6a4fddbdab1f7417"}
,"C:\\Users\\carso\\OneDrive\\Documents\\repos\\ITM-350-Carson-Test\\src\\3datadriven.js": {"path":"C:\\Users\\carso\\OneDrive\\Documents\\repos\\ITM-350-Carson-Test\\src\\3datadriven.js","statementMap":{"0":{"start":{"line":2,"column":4},"end":{"line":2,"column":17}},"1":{"start":{"line":5,"column":2},"end":{"line":5,"column":28}}},"fnMap":{"0":{"name":"multiply","decl":{"start":{"line":1,"column":9},"end":{"line":1,"column":17}},"loc":{"start":{"line":1,"column":24},"end":{"line":3,"column":3}},"line":1}},"branchMap":{},"s":{"0":3,"1":1},"f":{"0":3},"b":{},"_coverageSchema":"1a1c01bbd47fc00a2c39e90264f33305004495a9","hash":"49ded75d38beb9f95d4386797cfd169c738ad19c"}
,"C:\\Users\\carso\\OneDrive\\Documents\\repos\\ITM-350-Carson-Test\\src\\4performance.js": {"path":"C:\\Users\\carso\\OneDrive\\Documents\\repos\\ITM-350-Carson-Test\\src\\4performance.js","statementMap":{"0":{"start":{"line":2,"column":4},"end":{"line":2,"column":74}},"1":{"start":{"line":2,"column":34},"end":{"line":2,"column":72}},"2":{"start":{"line":2,"column":51},"end":{"line":2,"column":66}},"3":{"start":{"line":5,"column":2},"end":{"line":5,"column":30}}},"fnMap":{"0":{"name":"timerClock","decl":{"start":{"line":1,"column":9},"end":{"line":1,"column":19}},"loc":{"start":{"line":1,"column":22},"end":{"line":3,"column":3}},"line":1},"1":{"name":"(anonymous_1)","decl":{"start":{"line":2,"column":23},"end":{"line":2,"column":24}},"loc":{"start":{"line":2,"column":34},"end":{"line":2,"column":72}},"line":2},"2":{"name":"(anonymous_2)","decl":{"start":{"line":2,"column":45},"end":{"line":2,"column":46}},"loc":{"start":{"line":2,"column":51},"end":{"line":2,"column":66}},"line":2}},"branchMap":{},"s":{"0":1,"1":1,"2":1,"3":1},"f":{"0":1,"1":1,"2":1},"b":{},"_coverageSchema":"1a1c01bbd47fc00a2c39e90264f33305004495a9","hash":"0bb9e965bd6e5647b64c9b6a234be9fb84a2f6bd"}
,"C:\\Users\\carso\\OneDrive\\Documents\\repos\\ITM-350-Carson-Test\\src\\5process.js": {"path":"C:\\Users\\carso\\OneDrive\\Documents\\repos\\ITM-350-Carson-Test\\src\\5process.js","statementMap":{"0":{"start":{"line":2,"column":17},"end":{"line":2,"column":18}},"1":{"start":{"line":3,"column":4},"end":{"line":3,"column":16}},"2":{"start":{"line":4,"column":4},"end":{"line":4,"column":16}},"3":{"start":{"line":5,"column":4},"end":{"line":5,"column":18}},"4":{"start":{"line":8,"column":2},"end":{"line":8,"column":29}}},"fnMap":{"0":{"name":"processes","decl":{"start":{"line":1,"column":9},"end":{"line":1,"column":18}},"loc":{"start":{"line":1,"column":21},"end":{"line":6,"column":3}},"line":1}},"branchMap":{},"s":{"0":1,"1":1,"2":1,"3":1,"4":1},"f":{"0":1},"b":{},"_coverageSchema":"1a1c01bbd47fc00a2c39e90264f33305004495a9","hash":"a9b15649bb8ff99c0e390b1da05e252106391f1f"}
,"C:\\Users\\carso\\OneDrive\\Documents\\repos\\ITM-350-Carson-Test\\src\\6simulation.js": {"path":"C:\\Users\\carso\\OneDrive\\Documents\\repos\\ITM-350-Carson-Test\\src\\6simulation.js","statementMap":{"0":{"start":{"line":2,"column":4},"end":{"line":2,"column":44}},"1":{"start":{"line":2,"column":21},"end":{"line":2,"column":37}},"2":{"start":{"line":5,"column":0},"end":{"line":5,"column":24}}},"fnMap":{"0":{"name":"dataSim","decl":{"start":{"line":1,"column":9},"end":{"line":1,"column":16}},"loc":{"start":{"line":1,"column":27},"end":{"line":3,"column":3}},"line":1},"1":{"name":"(anonymous_1)","decl":{"start":{"line":2,"column":15},"end":{"line":2,"column":16}},"loc":{"start":{"line":2,"column":21},"end":{"line":2,"column":37}},"line":2}},"branchMap":{},"s":{"0":1,"1":1,"2":1},"f":{"0":1,"1":1},"b":{},"_coverageSchema":"1a1c01bbd47fc00a2c39e90264f33305004495a9","hash":"cb2c9674046c024348db10deab9abcbe9814e0ea"}
,"C:\\Users\\carso\\OneDrive\\Documents\\repos\\ITM-350-Carson-Test\\src\\7multi.js": {"path":"C:\\Users\\carso\\OneDrive\\Documents\\repos\\ITM-350-Carson-Test\\src\\7multi.js","statementMap":{"0":{"start":{"line":2,"column":4},"end":{"line":2,"column":76}},"1":{"start":{"line":2,"column":36},"end":{"line":2,"column":74}},"2":{"start":{"line":2,"column":53},"end":{"line":2,"column":68}},"3":{"start":{"line":5,"column":0},"end":{"line":5,"column":26}}},"fnMap":{"0":{"name":"asyncTask","decl":{"start":{"line":1,"column":9},"end":{"line":1,"column":18}},"loc":{"start":{"line":1,"column":21},"end":{"line":3,"column":3}},"line":1},"1":{"name":"(anonymous_1)","decl":{"start":{"line":2,"column":23},"end":{"line":2,"column":24}},"loc":{"start":{"line":2,"column":36},"end":{"line":2,"column":74}},"line":2},"2":{"name":"(anonymous_2)","decl":{"start":{"line":2,"column":47},"end":{"line":2,"column":48}},"loc":{"start":{"line":2,"column":53},"end":{"line":2,"column":68}},"line":2}},"branchMap":{},"s":{"0":1,"1":1,"2":1,"3":1},"f":{"0":1,"1":1,"2":1},"b":{},"_coverageSchema":"1a1c01bbd47fc00a2c39e90264f33305004495a9","hash":"8c2ddfcc307a413b6290909b85277946adc555bd"}
,"C:\\Users\\carso\\OneDrive\\Documents\\repos\\ITM-350-Carson-Test\\src\\8stress.js": {"path":"C:\\Users\\carso\\OneDrive\\Documents\\repos\\ITM-350-Carson-Test\\src\\8stress.js","statementMap":{"0":{"start":{"line":2,"column":4},"end":{"line":2,"column":42}},"1":{"start":{"line":2,"column":32},"end":{"line":2,"column":37}},"2":{"start":{"line":5,"column":0},"end":{"line":5,"column":20}}},"fnMap":{"0":{"name":"sum","decl":{"start":{"line":1,"column":9},"end":{"line":1,"column":12}},"loc":{"start":{"line":1,"column":18},"end":{"line":3,"column":3}},"line":1},"1":{"name":"(anonymous_1)","decl":{"start":{"line":2,"column":22},"end":{"line":2,"column":23}},"loc":{"start":{"line":2,"column":32},"end":{"line":2,"column":37}},"line":2}},"branchMap":{},"s":{"0":1,"1":1000000,"2":1},"f":{"0":1,"1":1000000},"b":{},"_coverageSchema":"1a1c01bbd47fc00a2c39e90264f33305004495a9","hash":"a6aee84f39b0b86352a6381b3102790d023b5615"}
,"C:\\Users\\carso\\OneDrive\\Documents\\repos\\ITM-350-Carson-Test\\src\\isInteger.js": {"path":"C:\\Users\\carso\\OneDrive\\Documents\\repos\\ITM-350-Carson-Test\\src\\isInteger.js","statementMap":{},"fnMap":{},"branchMap":{},"s":{},"f":{},"b":{}}
,"C:\\Users\\carso\\OneDrive\\Documents\\repos\\ITM-350-Carson-Test\\src\\palindrome.js": {"path":"C:\\Users\\carso\\OneDrive\\Documents\\repos\\ITM-350-Carson-Test\\src\\palindrome.js","statementMap":{"0":{"start":{"line":1,"column":21},"end":{"line":6,"column":1}},"1":{"start":{"line":2,"column":23},"end":{"line":2,"column":40}},"2":{"start":{"line":3,"column":24},"end":{"line":3,"column":63}},"3":{"start":{"line":4,"column":4},"end":{"line":4,"column":38}},"4":{"start":{"line":8,"column":0},"end":{"line":8,"column":30}}},"fnMap":{"0":{"name":"(anonymous_0)","decl":{"start":{"line":1,"column":21},"end":{"line":1,"column":22}},"loc":{"start":{"line":1,"column":30},"end":{"line":6,"column":1}},"line":1}},"branchMap":{},"s":{"0":1,"1":3,"2":3,"3":3,"4":1},"f":{"0":3},"b":{},"_coverageSchema":"1a1c01bbd47fc00a2c39e90264f33305004495a9","hash":"127f6c9ef6cbf806818a6a1b94a6d9c3049dadba"}
}
